{
  "RSpec": {
    "coverage": {
      "/Users/johnnybowman/projects/activist/config/environment.rb": [
        null,
        1,
        null,
        null,
        1
      ],
      "/Users/johnnybowman/projects/activist/config/application.rb": [
        1,
        null,
        null,
        1,
        1,
        1,
        1,
        1,
        null,
        null,
        1,
        null,
        1,
        null,
        null,
        null,
        null,
        1,
        1,
        null,
        null,
        null,
        null,
        null,
        null,
        null,
        null,
        null,
        null,
        null,
        null,
        null,
        null,
        null,
        null,
        null,
        null,
        null,
        null,
        null,
        null,
        null,
        1,
        null,
        null,
        1,
        null,
        null,
        1,
        null,
        null,
        null,
        null,
        null,
        null,
        null,
        null,
        null,
        null,
        1,
        null,
        null,
        1,
        null,
        null,
        1,
        null,
        null
      ],
      "/Users/johnnybowman/projects/activist/config/boot.rb": [
        1,
        null,
        null,
        1,
        null,
        1
      ],
      "/Users/johnnybowman/projects/activist/config/environments/test.rb": [
        1,
        null,
        null,
        null,
        null,
        null,
        null,
        1,
        null,
        null,
        1,
        1,
        null,
        null,
        1,
        null,
        null,
        1,
        1,
        null,
        null,
        1,
        null,
        null,
        1,
        null,
        null,
        null,
        null,
        1,
        null,
        null,
        1,
        null,
        null,
        1,
        null
      ],
      "/Users/johnnybowman/projects/activist/config/initializers/backtrace_silencers.rb": [
        null,
        null,
        null,
        null,
        null,
        null,
        null
      ],
      "/Users/johnnybowman/projects/activist/config/initializers/inflections.rb": [
        null,
        null,
        null,
        null,
        null,
        null,
        null,
        null,
        null,
        null,
        null,
        null,
        null,
        null,
        null
      ],
      "/Users/johnnybowman/projects/activist/config/initializers/mime_types.rb": [
        null,
        null,
        null,
        null,
        null
      ],
      "/Users/johnnybowman/projects/activist/config/initializers/secret_token.rb": [
        null,
        null,
        null,
        null,
        null,
        null,
        1
      ],
      "/Users/johnnybowman/projects/activist/config/initializers/session_store.rb": [
        null,
        null,
        1,
        null,
        null,
        null,
        null,
        null
      ],
      "/Users/johnnybowman/projects/activist/config/initializers/wrap_parameters.rb": [
        null,
        null,
        null,
        null,
        null,
        null,
        1,
        1,
        null,
        null,
        null,
        1,
        1,
        null
      ],
      "/Users/johnnybowman/projects/activist/app/controllers/application_controller.rb": [
        1,
        1,
        null
      ],
      "/Users/johnnybowman/projects/activist/app/helpers/application_helper.rb": [
        1,
        null
      ],
      "/Users/johnnybowman/projects/activist/app/models/call.rb": [
        1,
        1,
        null,
        1,
        1,
        null
      ],
      "/Users/johnnybowman/projects/activist/app/models/campaign.rb": [
        1,
        1,
        null,
        1,
        1,
        null,
        null
      ],
      "/Users/johnnybowman/projects/activist/app/models/organizer.rb": [
        1,
        1,
        null,
        1,
        null
      ],
      "/Users/johnnybowman/projects/activist/config/routes.rb": [
        1,
        null,
        null,
        null,
        null,
        null,
        null,
        null,
        null,
        null,
        null,
        null,
        null,
        null,
        null,
        null,
        null,
        null,
        null,
        null,
        null,
        null,
        null,
        null,
        null,
        null,
        null,
        null,
        null,
        null,
        null,
        null,
        null,
        null,
        null,
        null,
        null,
        null,
        null,
        null,
        null,
        null,
        null,
        null,
        null,
        null,
        null,
        null,
        null,
        null,
        null,
        null,
        null,
        null,
        null,
        null,
        null,
        null
      ],
      "/Users/johnnybowman/projects/activist/spec/support/blueprints.rb": [
        1,
        null,
        1,
        2,
        null,
        null,
        1,
        4,
        4,
        null,
        null
      ],
      "/Users/johnnybowman/projects/activist/spec/models/campaign_spec.rb": [
        1,
        null,
        1,
        1,
        null
      ],
      "/Users/johnnybowman/projects/activist/spec/models/organizer_spec.rb": [
        1,
        null,
        1,
        1,
        1,
        3,
        null,
        null,
        1,
        1,
        1,
        null,
        null
      ]
    },
    "timestamp": 1369915082
  }
}
